function add(){
    //console.log("Add Call ",arguments.length);
//console.log(arguments instanceof Array);
    var sum = 0;
    for(var i = 0;i<arguments.length; i++){
    if(typeof arguments[i]=="function"){
        arguments[i] = arguments[i]();
}
    sum+=isNaN(parseInt(arguments[i]))?0:parseInt(arguments[i]);
}
return sum;
}
undefined
function add(){
console.log('Sum is ',sum);
console.log('I is ',i);
    //console.log("Add Call ",arguments.length);
//console.log(arguments instanceof Array);
    var sum = 0;
    for(var i = 0;i<arguments.length; i++){
    if(typeof arguments[i]=="function"){
        arguments[i] = arguments[i]();
}
    sum+=isNaN(parseInt(arguments[i]))?0:parseInt(arguments[i]);
}
return sum;
}
undefined
add();
VM135:2 Sum is  undefined
VM135:3 I is  undefined
0
add(10,20);
VM135:2 Sum is  undefined
VM135:3 I is  undefined
30
function add(){
console.log('Sum is ',sum);
console.log('I is ',i);
    //console.log("Add Call ",arguments.length);
//console.log(arguments instanceof Array);
    var sum = 0;
    for(var i = 0;i<arguments.length; i++){
    if(typeof arguments[i]=="function"){
        arguments[i] = arguments[i]();
}
    sum+=isNaN(parseInt(arguments[i]))?0:parseInt(arguments[i]);
}
console.log('Sum is ',sum, ' i is ',i);
return sum;
}
undefined
add(10,20);
VM249:2 Sum is  undefined
VM249:3 I is  undefined
VM249:13 Sum is  30  i is  2
30
function add(){
console.log('Sum is ',sum);
console.log('I is ',i);
    //console.log("Add Call ",arguments.length);
//console.log(arguments instanceof Array);
    var sum = 0;
    for(let i = 0;i<arguments.length; i++){
    if(typeof arguments[i]=="function"){
        arguments[i] = arguments[i]();
}
    sum+=isNaN(parseInt(arguments[i]))?0:parseInt(arguments[i]);
}
console.log('Sum is ',sum, ' i is ',i);
return sum;
}
undefined
add(10,20);
VM287:2 Sum is  undefined
VM287:3 Uncaught ReferenceError: i is not defined
    at add (<anonymous>:3:21)
    at <anonymous>:1:1
add @ VM287:3
(anonymous) @ VM319:1
function add(){
console.log('Sum is ',sum);
//console.log('I is ',i);
    //console.log("Add Call ",arguments.length);
//console.log(arguments instanceof Array);
    var sum = 0;
    for(let i = 0;i<arguments.length; i++){
    if(typeof arguments[i]=="function"){
        arguments[i] = arguments[i]();
}
    sum+=isNaN(parseInt(arguments[i]))?0:parseInt(arguments[i]);
}
console.log('Sum is ',sum, ' i is ',i);
return sum;
}
undefined
add(10,20);
VM326:2 Sum is  undefined
VM326:13 Uncaught ReferenceError: i is not defined
    at add (<anonymous>:13:37)
    at <anonymous>:1:1
add @ VM326:13
(anonymous) @ VM332:1
function add(){
console.log('Sum is ',sum);
//console.log('I is ',i);
    //console.log("Add Call ",arguments.length);
//console.log(arguments instanceof Array);
    var sum = 0;
    for(let i = 0;i<arguments.length; i++){
    if(typeof arguments[i]=="function"){
        arguments[i] = arguments[i]();
}
    sum+=isNaN(parseInt(arguments[i]))?0:parseInt(arguments[i]);
}
console.log('Sum is ',sum);
return sum;
}
undefined
add(10,20);
VM356:2 Sum is  undefined
VM356:13 Sum is  30
30
function show(){
console.log(a);
var a = 100;
console.log(a);
if(a>10){
var a = 200;
console.log(a);

}
var a = 300;
console.log(a);

}
undefined
show();
VM525:2 undefined
VM525:4 100
VM525:7 200
VM525:11 300
undefined
function show(){
console.log(a);
let a = 100;
console.log(a);
if(a>10){
let a = 200;
console.log(a);

}
let a = 300;
console.log(a);

}
VM572:10 Uncaught SyntaxError: Identifier 'a' has already been declared
function show(){
console.log(a);
let a = 100;
console.log(a);
if(a>10){
let a = 200;
console.log(a);

}
//let a = 300;
console.log(a);

}
undefined
show();
VM577:2 Uncaught ReferenceError: Cannot access 'a' before initialization
    at show (<anonymous>:2:13)
    at <anonymous>:1:1
show @ VM577:2
(anonymous) @ VM584:1
function show(){
//console.log(a);
let a = 100;
console.log(a);
if(a>10){
let a = 200;
console.log(a);

}
//let a = 300;
console.log(a);

}
undefined
show();
VM591:4 100
VM591:7 200
VM591:11 100
undefined
add(1,20);
VM356:2 Sum is  undefined
VM356:13 Sum is  21
21
add(1,2,"3");
VM356:2 Sum is  undefined
VM356:13 Sum is  6
6
console.log("A is ",a,"And B is ",b)
VM777:1 Uncaught ReferenceError: a is not defined
    at <anonymous>:1:21
(anonymous) @ VM777:1
var a = 100;
undefined
var b = 200;
undefined
console.log("A is ",a,"And B is ",b)
VM844:1 A is  100 And B is  200
undefined
function add(...arg){
//console.log('Sum is ',sum);
//console.log('I is ',i);
    //console.log("Add Call ",arguments.length);
//console.log(arguments instanceof Array);
    var sum = 0;
    for(let i = 0;i<arg.length; i++){
    if(typeof arg[i]=="function"){
        arg[i] = arg[i]();
}
    sum+=isNaN(parseInt(arg[i]))?0:parseInt(arg[i]);
}
//console.log('Sum is ',sum);
return sum;
}
undefined
add(10,20);
30
add(1,"2",3);
6
function add(...arg){
console.log(arg instanceof Array);
console.log(arguments instanceof Array);

//console.log('Sum is ',sum);
//console.log('I is ',i);
    //console.log("Add Call ",arguments.length);
//console.log(arguments instanceof Array);
    var sum = 0;
    for(let i = 0;i<arg.length; i++){
    if(typeof arg[i]=="function"){
        arg[i] = arg[i]();
}
    sum+=isNaN(parseInt(arg[i]))?0:parseInt(arg[i]);
}
//console.log('Sum is ',sum);
return sum;
}
undefined
add(10,20);
VM1217:2 true
VM1217:3 false
30
function test(...b,...a){
}
VM1300:1 Uncaught SyntaxError: Rest parameter must be last formal parameter
function test(...a,x,y){
}
VM1344:1 Uncaught SyntaxError: Rest parameter must be last formal parameter
function test(x,y,...a){
console.log(x,y,a);
}
undefined
test(10,20,1,2,3,4,5);
VM1421:2 10 20 (5) [1, 2, 3, 4, 5]
undefined
function show(...arg){
console.log(arg);
}
undefined
show(10,20,30,40);
VM1602:2 (4) [10, 20, 30, 40]
undefined
var obj = {id:1001, name:'Amit'};
undefined
var obj2 = {city:'Delhi'};
undefined
var obj3 = {obj,obj2};
undefined
obj3;
{obj: {…}, obj2: {…}}obj: {id: 1001, name: "Amit"}obj2: {city: "Delhi"}__proto__: Object
obj3.obj.id;
1001
var obj4 = {...obj,...obj2};
undefined
obj4;
{id: 1001, name: "Amit", city: "Delhi"}
obj4.id;
1001
var arr = [10,20,30];
undefined
var arr2 = [10,1];
undefined
var arr3 = [arr, arr2];
undefined
arr3;
(2) [Array(3), Array(2)]
arr3[0];
(3) [10, 20, 30]
arr3[0][0];
10
var obj2 = {city:'Delhi', id:1002};
undefined
obj2;
{city: "Delhi", id: 1002}
obj;
{id: 1001, name: "Amit"}
var obj5 = {...obj, ...obj2};
undefined
obj5;
{id: 1002, name: "Amit", city: "Delhi"}
var arr4 = [...arr, ...arr2];
undefined
arr4;
(5) [10, 20, 30, 10, 1]
var obj5 = {...obj, obj2};
undefined
obj5;
{id: 1001, name: "Amit", obj2: {…}}
obj;
{id: 1001, name: "Amit"}
obj2;
{city: "Delhi", id: 1002}
obj5.id;
1001
obj5.obj2.id;
1002
function addition(x,y){
    return x + y;
}
undefined
addition(100,200);
300
addition();
NaN
function addition(x,y){
    console.log(x,y);
    return x + y;
}
undefined
addition();
VM2629:2 undefined undefined
NaN
undefined + undefined
NaN
function addition(x=0,y=0){
    console.log(x,y);
    return x + y;
}
undefined
addition();
VM2681:2 0 0
0
addition(10);
VM2681:2 10 0
10
addition(10, null);
VM2681:2 10 null
10
addition(10, NaN);
VM2681:2 10 NaN
NaN
addition(10, '');
VM2681:2 10 ""
"10"
var g1 ;
undefined
typeof g1;
"undefined"
if(typeof g1=='undefined'){
g1 = 0;
}
else{
++g1;
}
0
g1;
0
g1 = NaN;
NaN
if(isNaN(g1)){
g1 = 0;
}
0
g1 = "";
""
if(g1.length==0){
g1 = 0;
}
0
g1 = undefined;
undefined
if(g1){
    console.log('Truthy');
}
else{
    console.log('Falsy');
}
VM3238:5 Falsy
undefined
g1 = 0;
0
if(g1){
    console.log('Truthy');
}
else{
    console.log('Falsy');
}
VM3262:5 Falsy
undefined
g1 = '';
""
if(g1){
    console.log('Truthy');
}
else{
    console.log('Falsy');
}
VM3287:5 Falsy
undefined
g1 = NaN;
NaN
if(g1){
    console.log('Truthy');
}
else{
    console.log('Falsy');
}
VM3315:5 Falsy
undefined
g1 = null;
null
if(g1){
    console.log('Truthy');
}
else{
    console.log('Falsy');
}
VM3344:5 Falsy
undefined
g1 = 100;
100
if(g1){
    console.log('Truthy');
}
else{
    console.log('Falsy');
}
VM3379:2 Truthy
undefined
g1 = "Hello";
"Hello"
if(g1){
    console.log('Truthy');
}
else{
    console.log('Falsy');
}
VM3410:2 Truthy
undefined
g1 = {};
{}
if(g1){
    console.log('Truthy');
}
else{
    console.log('Falsy');
}
VM3437:2 Truthy
undefined
addition
ƒ addition(x=0,y=0){
    console.log(x,y);
    return x + y;
}
addition(,90)
VM3488:1 Uncaught SyntaxError: Unexpected token ','
function addition(x,y){
    x = x || 0;
    y = y || 0;
    return x + y;
}
undefined
addition();
0
addition(NaN,NaN);
0
addition(NaN, '');
0
addition(false, '');
0
